\BOOKMARK [0][-]{chapter.1}{\376\377\276\140\271\170\302\334\307\221}{}% 1
\BOOKMARK [1][-]{section.1.1}{\376\377\301\044\316\130\274\051\274\225}{chapter.1}% 2
\BOOKMARK [1][-]{section.1.2}{\376\377\000A\000I\000\040\255\154\326\004}{chapter.1}% 3
\BOOKMARK [1][-]{section.1.3}{\376\377\000A\000I\260\174\271\254\000\040\254\214\307\204\000\040\325\014\270\010\307\164}{chapter.1}% 4
\BOOKMARK [1][-]{section.1.4}{\376\377\000A\000I\306\100\000\040\254\214\307\204\000\040\325\014\270\010\307\164}{chapter.1}% 5
\BOOKMARK [1][-]{section.1.5}{\376\377\254\214\302\334\323\020}{chapter.1}% 6
\BOOKMARK [0][-]{chapter.2}{\376\377\000T\000u\000t\000o\000r\000i\000a\000l}{}% 7
\BOOKMARK [1][-]{section.2.1}{\376\377\000M\000i\000c\000r\000o\000c\000h\000e\000s\000s\000\040\000A\000I\000\040\254\275\311\304\263\000\326\214}{chapter.2}% 8
\BOOKMARK [2][-]{subsection.2.1.1}{\376\377\254\275\311\304\263\000\326\214\000\040\255\334\316\131}{section.2.1}% 9
\BOOKMARK [2][-]{subsection.2.1.2}{\376\377\310\020\302\030\254\304\300\260}{section.2.1}% 10
\BOOKMARK [2][-]{subsection.2.1.3}{\376\377\310\374\307\130\300\254\325\155}{section.2.1}% 11
\BOOKMARK [2][-]{subsection.2.1.4}{\376\377\306\264\306\001\000\040\254\214\302\334\323\020}{section.2.1}% 12
\BOOKMARK [2][-]{subsection.2.1.5}{\376\377\315\134\310\205\000\040\306\260\302\271\307\220\000\040\254\260\310\025}{section.2.1}% 13
\BOOKMARK [1][-]{section.2.2}{\376\377\000M\000i\000c\000r\000o\000c\000h\000e\000s\000s\000\040\000A\000I\000\040\325\014\267\253\323\374}{chapter.2}% 14
\BOOKMARK [2][-]{subsection.2.2.1}{\376\377\254\034\306\224}{section.2.2}% 15
\BOOKMARK [2][-]{subsection.2.2.2}{\376\377\265\024\270\011\321\240\271\254\000\040\255\154\310\160}{section.2.2}% 16
\BOOKMARK [2][-]{subsection.2.2.3}{\376\377\301\044\316\130\274\051\274\225}{section.2.2}% 17
\BOOKMARK [2][-]{subsection.2.2.4}{\376\377\302\344\325\211\000\040\274\051\274\225}{section.2.2}% 18
\BOOKMARK [2][-]{subsection.2.2.5}{\376\377\307\170\254\004\000\040\325\014\270\010\307\164\305\264\000\040\000v\000s\000.\000\040\000A\000I\000\040\307\170\321\060\323\230\307\164\302\244}{section.2.2}% 19
\BOOKMARK [1][-]{section.2.3}{\376\377\256\060\274\370\000\040\000A\000I\000\040\306\010\310\034}{chapter.2}% 20
\BOOKMARK [2][-]{subsection.2.3.1}{\376\377\000R\000a\000n\000d\000o\000m\000\040\000A\000I}{section.2.3}% 21
\BOOKMARK [3][-]{subsubsection.2.3.1.1}{\376\377\254\000\307\245\000\040\254\004\262\350\325\134\000\040\000A\000I\000\040\255\154\326\004}{subsection.2.3.1}% 22
\BOOKMARK [3][-]{subsubsection.2.3.1.2}{\376\377\000a\000c\000t\000\040\272\124\301\214\264\334\307\130\000\040\307\205\270\045\254\374\000\040\315\234\270\045\000\040\306\224\305\175}{subsection.2.3.1}% 23
\BOOKMARK [2][-]{subsection.2.3.2}{\376\377\000S\000e\000a\000r\000c\000h\000\040\256\060\274\030\000\040\000A\000I}{section.2.3}% 24
\BOOKMARK [3][-]{subsubsection.2.3.2.1}{\376\377\000O\000n\000e\000\040\000S\000t\000e\000p\000\040\000S\000e\000a\000r\000c\000h\000\040\000A\000I}{subsection.2.3.2}% 25
\BOOKMARK [3][-]{subsubsection.2.3.2.2}{\376\377\000T\000w\000o\000\040\000S\000t\000e\000p\000\040\000S\000e\000a\000r\000c\000h\000\040\000A\000I}{subsection.2.3.2}% 26
\BOOKMARK [3][-]{subsubsection.2.3.2.3}{\376\377\000T\000w\000o\000\040\000S\000t\000e\000p\000\040\000S\000e\000a\000r\000c\000h\000\040\000A\000I\000\040\255\154\326\004}{subsection.2.3.2}% 27
\BOOKMARK [3][-]{subsubsection.2.3.2.4}{\376\377\000N\000e\000g\000a\000m\000a\000x\000\040\000S\000e\000a\000r\000c\000h\000\040\000A\000I}{subsection.2.3.2}% 28
\BOOKMARK [3][-]{subsubsection.2.3.2.5}{\376\377\000N\000e\000g\000a\000m\000a\000x\000\040\000S\000e\000a\000r\000c\000h\000\040\000A\000I\000\040\000+\000\040\000-\000\040\000p\000r\000u\000n\000i\000n\000g}{subsection.2.3.2}% 29
\BOOKMARK [3][-]{subsubsection.2.3.2.6}{\376\377\000M\000i\000c\000r\000o\000c\000h\000e\000s\000s\000\040\300\301\320\334\254\365\254\004\000\040\255\334\272\250}{subsection.2.3.2}% 30
\BOOKMARK [3][-]{subsubsection.2.3.2.7}{\376\377\323\311\254\000\325\150\302\030}{subsection.2.3.2}% 31
\BOOKMARK [3][-]{subsubsection.2.3.2.8}{\376\377\000S\000t\000o\000c\000k\000f\000i\000s\000h}{subsection.2.3.2}% 32
\BOOKMARK [1][-]{section.2.4}{\376\377\000M\000o\000n\000t\000e\000\040\000C\000a\000r\000l\000o\000\040\000T\000r\000e\000e\000\040\000S\000e\000a\000r\000c\000h}{chapter.2}% 33
\BOOKMARK [2][-]{subsection.2.4.1}{\376\377\000M\000C\000T\000S\000\040\254\034\306\224}{section.2.4}% 34
\BOOKMARK [2][-]{subsection.2.4.2}{\376\377\000M\000u\000l\000t\000i\000-\000A\000r\000m\000e\000d\000\040\000B\000a\000n\000d\000i\000t}{section.2.4}% 35
\BOOKMARK [2][-]{subsection.2.4.3}{\376\377\000U\000p\000p\000e\000r\000\040\000C\000o\000n\000f\000i\000d\000e\000n\000c\000e\000\040\000T\000r\000e\000e}{section.2.4}% 36
\BOOKMARK [2][-]{subsection.2.4.4}{\376\377\000M\000C\000T\000S\000\040\306\010\310\034}{section.2.4}% 37
\BOOKMARK [2][-]{subsection.2.4.5}{\376\377\000M\000C\000T\000S\000\040\302\334\254\001\326\124}{section.2.4}% 38
\BOOKMARK [1][-]{section.2.5}{\376\377\000S\000e\000l\000f\000\040\000L\000e\000a\000r\000n\000i\000n\000g\000\040\000A\000I}{chapter.2}% 39
\BOOKMARK [2][-]{subsection.2.5.1}{\376\377\000S\000e\000l\000f\000\040\000L\000e\000a\000r\000n\000i\000n\000g\000\040\305\114\254\340\271\254\311\230}{section.2.5}% 40
\BOOKMARK [2][-]{subsection.2.5.2}{\376\377\307\170\254\365\302\340\254\275\271\335}{section.2.5}% 41
\BOOKMARK [2][-]{subsection.2.5.3}{\376\377\000M\000C\000T\000S}{section.2.5}% 42
\BOOKMARK [2][-]{subsection.2.5.4}{\376\377\254\260\270\140\000\040\274\017\000\040\325\134\254\304}{section.2.5}% 43
\BOOKMARK [0][-]{chapter.3}{\376\377\000A\000P\000I}{}% 44
\BOOKMARK [1][-]{section.3.1}{\376\377\000s\000c\000r\000i\000p\000t\000s\000\040\000p\000a\000c\000k\000a\000g\000e}{chapter.3}% 45
\BOOKMARK [2][-]{subsection.3.1.1}{\376\377\000S\000u\000b\000m\000o\000d\000u\000l\000e\000s}{section.3.1}% 46
\BOOKMARK [2][-]{subsection.3.1.2}{\376\377\000s\000c\000r\000i\000p\000t\000s\000.\000c\000h\000e\000s\000s\000\137\000b\000o\000a\000r\000d\000\040\000m\000o\000d\000u\000l\000e}{section.3.1}% 47
\BOOKMARK [2][-]{subsection.3.1.3}{\376\377\000s\000c\000r\000i\000p\000t\000s\000.\000r\000u\000n\000\137\000g\000a\000m\000e\000\040\000m\000o\000d\000u\000l\000e}{section.3.1}% 48
\BOOKMARK [2][-]{subsection.3.1.4}{\376\377\000s\000c\000r\000i\000p\000t\000s\000.\000u\000t\000i\000l\000s\000\040\000m\000o\000d\000u\000l\000e}{section.3.1}% 49
\BOOKMARK [2][-]{subsection.3.1.5}{\376\377\000M\000o\000d\000u\000l\000e\000\040\000c\000o\000n\000t\000e\000n\000t\000s}{section.3.1}% 50
\BOOKMARK [1][-]{section.3.2}{\376\377\000a\000g\000e\000n\000t\000s\000\040\000p\000a\000c\000k\000a\000g\000e}{chapter.3}% 51
\BOOKMARK [2][-]{subsection.3.2.1}{\376\377\000M\000o\000d\000u\000l\000e\000\040\000c\000o\000n\000t\000e\000n\000t\000s}{section.3.2}% 52
\BOOKMARK [1][-]{section.3.3}{\376\377\000a\000g\000e\000n\000t\000s\000.\000b\000a\000s\000i\000c\000\040\000p\000a\000c\000k\000a\000g\000e}{chapter.3}% 53
\BOOKMARK [2][-]{subsection.3.3.1}{\376\377\000S\000u\000b\000m\000o\000d\000u\000l\000e\000s}{section.3.3}% 54
\BOOKMARK [2][-]{subsection.3.3.2}{\376\377\000a\000g\000e\000n\000t\000s\000.\000b\000a\000s\000i\000c\000.\000d\000e\000b\000u\000g\000\137\000a\000g\000e\000n\000t\000\040\000m\000o\000d\000u\000l\000e}{section.3.3}% 55
\BOOKMARK [2][-]{subsection.3.3.3}{\376\377\000a\000g\000e\000n\000t\000s\000.\000b\000a\000s\000i\000c\000.\000h\000u\000m\000a\000n\000\040\000m\000o\000d\000u\000l\000e}{section.3.3}% 56
\BOOKMARK [2][-]{subsection.3.3.4}{\376\377\000a\000g\000e\000n\000t\000s\000.\000b\000a\000s\000i\000c\000.\000r\000a\000n\000d\000o\000m\000\137\000a\000g\000e\000n\000t\000\040\000m\000o\000d\000u\000l\000e}{section.3.3}% 57
\BOOKMARK [2][-]{subsection.3.3.5}{\376\377\000M\000o\000d\000u\000l\000e\000\040\000c\000o\000n\000t\000e\000n\000t\000s}{section.3.3}% 58
\BOOKMARK [1][-]{section.3.4}{\376\377\000a\000g\000e\000n\000t\000s\000.\000s\000e\000a\000r\000c\000h\000\040\000p\000a\000c\000k\000a\000g\000e}{chapter.3}% 59
\BOOKMARK [2][-]{subsection.3.4.1}{\376\377\000S\000u\000b\000m\000o\000d\000u\000l\000e\000s}{section.3.4}% 60
\BOOKMARK [2][-]{subsection.3.4.2}{\376\377\000M\000o\000d\000u\000l\000e\000\040\000c\000o\000n\000t\000e\000n\000t\000s}{section.3.4}% 61
\BOOKMARK [2][-]{subsection.3.4.3}{\376\377\000a\000g\000e\000n\000t\000s\000.\000s\000e\000a\000r\000c\000h\000.\000o\000n\000e\000\137\000s\000t\000e\000p\000\137\000s\000e\000a\000r\000c\000h\000\137\000a\000g\000e\000n\000t\000\040\000m\000o\000d\000u\000l\000e}{section.3.4}% 62
\BOOKMARK [2][-]{subsection.3.4.4}{\376\377\000a\000g\000e\000n\000t\000s\000.\000s\000e\000a\000r\000c\000h\000.\000t\000w\000o\000\137\000s\000t\000e\000p\000\137\000s\000e\000a\000r\000c\000h\000\137\000a\000g\000e\000n\000t\000\040\000m\000o\000d\000u\000l\000e}{section.3.4}% 63
\BOOKMARK [2][-]{subsection.3.4.5}{\376\377\000a\000g\000e\000n\000t\000s\000.\000s\000e\000a\000r\000c\000h\000.\000n\000e\000g\000a\000m\000a\000x\000\137\000s\000e\000a\000r\000c\000h\000\137\000a\000g\000e\000n\000t\000\040\000m\000o\000d\000u\000l\000e}{section.3.4}% 64
\BOOKMARK [2][-]{subsection.3.4.6}{\376\377\000a\000g\000e\000n\000t\000s\000.\000s\000e\000a\000r\000c\000h\000.\000a\000b\000p\000\137\000n\000e\000g\000a\000m\000a\000x\000\137\000s\000e\000a\000r\000c\000h\000\137\000a\000g\000e\000n\000t\000\040\000m\000o\000d\000u\000l\000e}{section.3.4}% 65
\BOOKMARK [2][-]{subsection.3.4.7}{\376\377\000a\000g\000e\000n\000t\000s\000.\000s\000e\000a\000r\000c\000h\000.\000m\000c\000t\000s\000\137\000a\000g\000e\000n\000t\000\040\000m\000o\000d\000u\000l\000e}{section.3.4}% 66
\BOOKMARK [1][-]{section.3.5}{\376\377\000a\000g\000e\000n\000t\000s\000.\000s\000e\000l\000f\000\137\000l\000e\000a\000r\000n\000i\000n\000g\000\040\000p\000a\000c\000k\000a\000g\000e}{chapter.3}% 67
\BOOKMARK [2][-]{subsection.3.5.1}{\376\377\000S\000u\000b\000m\000o\000d\000u\000l\000e\000s}{section.3.5}% 68
\BOOKMARK [2][-]{subsection.3.5.2}{\376\377\000M\000o\000d\000u\000l\000e\000\040\000c\000o\000n\000t\000e\000n\000t\000s}{section.3.5}% 69
\BOOKMARK [2][-]{subsection.3.5.3}{\376\377\000a\000g\000e\000n\000t\000s\000.\000s\000e\000l\000f\000\137\000l\000e\000a\000r\000n\000i\000n\000g\000.\000a\000g\000e\000n\000t\000\040\000m\000o\000d\000u\000l\000e}{section.3.5}% 70
\BOOKMARK [2][-]{subsection.3.5.4}{\376\377\000a\000g\000e\000n\000t\000s\000.\000s\000e\000l\000f\000\137\000l\000e\000a\000r\000n\000i\000n\000g\000.\000m\000o\000d\000e\000l\000s\000\040\000m\000o\000d\000u\000l\000e}{section.3.5}% 71
\BOOKMARK [2][-]{subsection.3.5.5}{\376\377\000a\000g\000e\000n\000t\000s\000.\000s\000e\000l\000f\000\137\000l\000e\000a\000r\000n\000i\000n\000g\000.\000m\000e\000m\000o\000r\000y\000\040\000m\000o\000d\000u\000l\000e}{section.3.5}% 72
\BOOKMARK [2][-]{subsection.3.5.6}{\376\377\000a\000g\000e\000n\000t\000s\000.\000s\000e\000l\000f\000\137\000l\000e\000a\000r\000n\000i\000n\000g\000.\000m\000c\000t\000s\000\040\000m\000o\000d\000u\000l\000e}{section.3.5}% 73
\BOOKMARK [2][-]{subsection.3.5.7}{\376\377\000a\000g\000e\000n\000t\000s\000.\000s\000e\000l\000f\000\137\000l\000e\000a\000r\000n\000i\000n\000g\000.\000u\000t\000i\000l\000s\000\040\000m\000o\000d\000u\000l\000e}{section.3.5}% 74
\BOOKMARK [1][-]{section.3.6}{\376\377\000a\000g\000e\000n\000t\000s\000.\000s\000t\000o\000c\000k\000f\000i\000s\000h\000\040\000p\000a\000c\000k\000a\000g\000e}{chapter.3}% 75
\BOOKMARK [2][-]{subsection.3.6.1}{\376\377\000S\000u\000b\000m\000o\000d\000u\000l\000e\000s}{section.3.6}% 76
\BOOKMARK [2][-]{subsection.3.6.2}{\376\377\000M\000o\000d\000u\000l\000e\000\040\000c\000o\000n\000t\000e\000n\000t\000s}{section.3.6}% 77
\BOOKMARK [2][-]{subsection.3.6.3}{\376\377\000a\000g\000e\000n\000t\000s\000.\000s\000t\000o\000c\000k\000f\000i\000s\000h\000.\000a\000g\000e\000n\000t\000\040\000m\000o\000d\000u\000l\000e}{section.3.6}% 78
\BOOKMARK [0][-]{section*.175}{\376\377\000P\000y\000t\000h\000o\000n\000\040\272\250\264\310\000\040\272\251\270\135}{}% 79
